1683985554608	geckodriver	INFO	Listening on 127.0.0.1:53217
1683985559160	mozrunner::runner	INFO	Running command: "/usr/bin/firefox" "--marionette" "--remote-debugging-port" "33179" "--remote-allow-hosts" "localhost" "-no-remote" "-profile" "/tmp/rust_mozprofile1iAdTo"

(firefox:7484): Gtk-WARNING **: 19:15:59.226: Locale not supported by C library.
	Using the fallback 'C' locale.

(firefox:7484): Gtk-WARNING **: 19:15:59.353: Theme parsing error: gtk.css:1523:91: Missing closing bracket for :not()

(firefox:7484): Gtk-WARNING **: 19:15:59.353: Theme parsing error: gtk.css:1526:91: Missing closing bracket for :not()

(firefox:7484): Gtk-WARNING **: 19:15:59.353: Theme parsing error: gtk.css:1529:91: Missing closing bracket for :not()

(firefox:7484): Gtk-WARNING **: 19:16:01.466: Theme parsing error: gtk.css:1523:91: Missing closing bracket for :not()

(firefox:7484): Gtk-WARNING **: 19:16:01.466: Theme parsing error: gtk.css:1526:91: Missing closing bracket for :not()

(firefox:7484): Gtk-WARNING **: 19:16:01.466: Theme parsing error: gtk.css:1529:91: Missing closing bracket for :not()

(firefox:7484): Gtk-WARNING **: 19:16:01.645: Theme parsing error: gtk.css:1523:91: Missing closing bracket for :not()

(firefox:7484): Gtk-WARNING **: 19:16:01.645: Theme parsing error: gtk.css:1526:91: Missing closing bracket for :not()

(firefox:7484): Gtk-WARNING **: 19:16:01.645: Theme parsing error: gtk.css:1529:91: Missing closing bracket for :not()

(firefox:7484): Gtk-WARNING **: 19:16:01.709: Theme parsing error: gtk.css:1523:91: Missing closing bracket for :not()

(firefox:7484): Gtk-WARNING **: 19:16:01.709: Theme parsing error: gtk.css:1526:91: Missing closing bracket for :not()

(firefox:7484): Gtk-WARNING **: 19:16:01.709: Theme parsing error: gtk.css:1529:91: Missing closing bracket for :not()
ATTENTION: default value of option mesa_glthread overridden by environment.
ATTENTION: default value of option mesa_glthread overridden by environment.
ATTENTION: default value of option mesa_glthread overridden by environment.
ATTENTION: default value of option mesa_glthread overridden by environment.
ATTENTION: default value of option mesa_glthread overridden by environment.
ATTENTION: default value of option mesa_glthread overridden by environment.
ATTENTION: default value of option mesa_glthread overridden by environment.
ATTENTION: default value of option mesa_glthread overridden by environment.
1683985562405	Marionette	INFO	Marionette enabled
1683985562411	Marionette	INFO	Listening on port 38647
Read port: 38647
WebDriver BiDi listening on ws://127.0.0.1:33179
1683985562826	RemoteAgent	WARN	TLS certificate errors will be ignored for this session
console.warn: SearchSettings: "get: No settings file exists, new profile?" (new NotFoundError("Could not open the file at /tmp/rust_mozprofile1iAdTo/search.json.mozlz4", (void 0)))
DevTools listening on ws://127.0.0.1:33179/devtools/browser/17edd532-3572-48bd-8666-cae2f01e166c
1683985615153	Marionette	INFO	Stopped listening on port 38647
console.warn: TopSitesFeed: Failed to fetch data from Contile server: NetworkError when attempting to fetch resource.
1683985666366	geckodriver	INFO	Listening on 127.0.0.1:41789
1683985666473	mozrunner::runner	INFO	Running command: "/usr/bin/firefox" "--marionette" "--remote-debugging-port" "37059" "--remote-allow-hosts" "localhost" "-no-remote" "-profile" "/tmp/rust_mozprofileE3m995"

(firefox:8118): Gtk-WARNING **: 19:17:46.524: Locale not supported by C library.
	Using the fallback 'C' locale.

(firefox:8118): Gtk-WARNING **: 19:17:46.668: Theme parsing error: gtk.css:1523:91: Missing closing bracket for :not()

(firefox:8118): Gtk-WARNING **: 19:17:46.668: Theme parsing error: gtk.css:1526:91: Missing closing bracket for :not()

(firefox:8118): Gtk-WARNING **: 19:17:46.669: Theme parsing error: gtk.css:1529:91: Missing closing bracket for :not()

(firefox:8118): Gtk-WARNING **: 19:17:47.426: Theme parsing error: gtk.css:1523:91: Missing closing bracket for :not()

(firefox:8118): Gtk-WARNING **: 19:17:47.426: Theme parsing error: gtk.css:1526:91: Missing closing bracket for :not()

(firefox:8118): Gtk-WARNING **: 19:17:47.426: Theme parsing error: gtk.css:1529:91: Missing closing bracket for :not()

(firefox:8118): Gtk-WARNING **: 19:17:47.581: Theme parsing error: gtk.css:1523:91: Missing closing bracket for :not()

(firefox:8118): Gtk-WARNING **: 19:17:47.581: Theme parsing error: gtk.css:1526:91: Missing closing bracket for :not()

(firefox:8118): Gtk-WARNING **: 19:17:47.581: Theme parsing error: gtk.css:1529:91: Missing closing bracket for :not()

(firefox:8118): Gtk-WARNING **: 19:17:47.643: Theme parsing error: gtk.css:1523:91: Missing closing bracket for :not()

(firefox:8118): Gtk-WARNING **: 19:17:47.643: Theme parsing error: gtk.css:1526:91: Missing closing bracket for :not()

(firefox:8118): Gtk-WARNING **: 19:17:47.643: Theme parsing error: gtk.css:1529:91: Missing closing bracket for :not()
ATTENTION: default value of option mesa_glthread overridden by environment.
ATTENTION: default value of option mesa_glthread overridden by environment.
ATTENTION: default value of option mesa_glthread overridden by environment.
ATTENTION: default value of option mesa_glthread overridden by environment.
ATTENTION: default value of option mesa_glthread overridden by environment.
ATTENTION: default value of option mesa_glthread overridden by environment.
ATTENTION: default value of option mesa_glthread overridden by environment.
ATTENTION: default value of option mesa_glthread overridden by environment.
1683985668136	Marionette	INFO	Marionette enabled
1683985668144	Marionette	INFO	Listening on port 38887
Read port: 38887
WebDriver BiDi listening on ws://127.0.0.1:37059
1683985668354	RemoteAgent	WARN	TLS certificate errors will be ignored for this session
console.warn: SearchSettings: "get: No settings file exists, new profile?" (new NotFoundError("Could not open the file at /tmp/rust_mozprofileE3m995/search.json.mozlz4", (void 0)))
DevTools listening on ws://127.0.0.1:37059/devtools/browser/8f664c3b-ea88-4ab0-ab6c-d7b61c8428d3
console.warn: LoginRecipes: "Falling back to a synchronous message for: https://lambdatest.github.io."
1683985702454	Marionette	INFO	Stopped listening on port 38887
console.warn: TopSitesFeed: Failed to fetch data from Contile server: NetworkError when attempting to fetch resource.
